Traceback (most recent call last):
  File "C:\Users\DELL\Anaconda3\envs\ML4ChemEng\lib\site-packages\jupyter_cache\executors\utils.py", line 56, in single_nb_execution
    record_timing=False,
  File "C:\Users\DELL\Anaconda3\envs\ML4ChemEng\lib\site-packages\nbclient\client.py", line 1204, in execute
    return NotebookClient(nb=nb, resources=resources, km=km, **kwargs).execute()
  File "C:\Users\DELL\Anaconda3\envs\ML4ChemEng\lib\site-packages\nbclient\util.py", line 84, in wrapped
    return just_run(coro(*args, **kwargs))
  File "C:\Users\DELL\Anaconda3\envs\ML4ChemEng\lib\site-packages\nbclient\util.py", line 62, in just_run
    return loop.run_until_complete(coro)
  File "C:\Users\DELL\Anaconda3\envs\ML4ChemEng\lib\asyncio\base_events.py", line 587, in run_until_complete
    return future.result()
  File "C:\Users\DELL\Anaconda3\envs\ML4ChemEng\lib\site-packages\nbclient\client.py", line 664, in async_execute
    cell, index, execution_count=self.code_cells_executed + 1
  File "C:\Users\DELL\Anaconda3\envs\ML4ChemEng\lib\site-packages\nbclient\client.py", line 965, in async_execute_cell
    await self._check_raise_for_error(cell, cell_index, exec_reply)
  File "C:\Users\DELL\Anaconda3\envs\ML4ChemEng\lib\site-packages\nbclient\client.py", line 862, in _check_raise_for_error
    raise CellExecutionError.from_cell_and_msg(cell, exec_reply_content)
nbclient.exceptions.CellExecutionError: An error occurred while executing the following cell:
------------------
log_f = log_feature()

GLM_log = Pipeline([("log_f", log_f), ("ss", ss), ("LR", LR),])
GLM_log.fit(Ps, Vs)
------------------

[1;31m---------------------------------------------------------------------------[0m
[1;31mNameError[0m                                 Traceback (most recent call last)
[1;32m~\AppData\Local\Temp\ipykernel_21652\191454113.py[0m in [0;36m<module>[1;34m[0m
[0;32m      1[0m [0mlog_f[0m [1;33m=[0m [0mlog_feature[0m[1;33m([0m[1;33m)[0m[1;33m[0m[1;33m[0m[0m
[0;32m      2[0m [1;33m[0m[0m
[1;32m----> 3[1;33m [0mGLM_log[0m [1;33m=[0m [0mPipeline[0m[1;33m([0m[1;33m[[0m[1;33m([0m[1;34m"log_f"[0m[1;33m,[0m [0mlog_f[0m[1;33m)[0m[1;33m,[0m [1;33m([0m[1;34m"ss"[0m[1;33m,[0m [0mss[0m[1;33m)[0m[1;33m,[0m [1;33m([0m[1;34m"LR"[0m[1;33m,[0m [0mLR[0m[1;33m)[0m[1;33m,[0m[1;33m][0m[1;33m)[0m[1;33m[0m[1;33m[0m[0m
[0m[0;32m      4[0m [0mGLM_log[0m[1;33m.[0m[0mfit[0m[1;33m([0m[0mPs[0m[1;33m,[0m [0mVs[0m[1;33m)[0m[1;33m[0m[1;33m[0m[0m

[1;31mNameError[0m: name 'ss' is not defined
NameError: name 'ss' is not defined

