Traceback (most recent call last):
  File "C:\Users\DELL\Anaconda3\envs\ML4ChemEng\lib\site-packages\jupyter_cache\executors\utils.py", line 56, in single_nb_execution
    record_timing=False,
  File "C:\Users\DELL\Anaconda3\envs\ML4ChemEng\lib\site-packages\nbclient\client.py", line 1204, in execute
    return NotebookClient(nb=nb, resources=resources, km=km, **kwargs).execute()
  File "C:\Users\DELL\Anaconda3\envs\ML4ChemEng\lib\site-packages\nbclient\util.py", line 84, in wrapped
    return just_run(coro(*args, **kwargs))
  File "C:\Users\DELL\Anaconda3\envs\ML4ChemEng\lib\site-packages\nbclient\util.py", line 62, in just_run
    return loop.run_until_complete(coro)
  File "C:\Users\DELL\Anaconda3\envs\ML4ChemEng\lib\asyncio\base_events.py", line 587, in run_until_complete
    return future.result()
  File "C:\Users\DELL\Anaconda3\envs\ML4ChemEng\lib\site-packages\nbclient\client.py", line 664, in async_execute
    cell, index, execution_count=self.code_cells_executed + 1
  File "C:\Users\DELL\Anaconda3\envs\ML4ChemEng\lib\site-packages\nbclient\client.py", line 965, in async_execute_cell
    await self._check_raise_for_error(cell, cell_index, exec_reply)
  File "C:\Users\DELL\Anaconda3\envs\ML4ChemEng\lib\site-packages\nbclient\client.py", line 862, in _check_raise_for_error
    raise CellExecutionError.from_cell_and_msg(cell, exec_reply_content)
nbclient.exceptions.CellExecutionError: An error occurred while executing the following cell:
------------------
X_train = np.vstack(df_train['Fingerprint'].tolist()) # Fingerprints to Matrix
Ts_train = df_train['T_scaled'].to_numpy().reshape(-1,1)
X_train = np.hstack((X_train, Ts_train)) # Concatenate the temperature as part of the input matrix
y_train = df_train['ln_P'].to_numpy().reshape(-1,1)

X_valid = np.vstack(df_valid['Fingerprint'].tolist()) # Fingerprints to Matrix
Ts_valid = df_valid['T_scaled'].to_numpy().reshape(-1,1)
X_valid = np.hstack((X_valid, Ts_valid)) # Concatenate the temperature as part of the input matrix
y_valid = df_valid['ln_P'].to_numpy().reshape(-1,1)

X_test = np.vstack(df_test['Fingerprint'].tolist()) # Fingerprints to Matrix
Ts_test = df_test['T_scaled'].to_numpy().reshape(-1,1)
X_test = np.hstack((X_test, Ts_test)) # Concatenate the temperature as part of the input matrix
y_test = df_test['ln_P'].to_numpy().reshape(-1,1)
------------------

[1;31m---------------------------------------------------------------------------[0m
[1;31mMemoryError[0m                               Traceback (most recent call last)
[1;32m~\AppData\Local\Temp\ipykernel_10096\4133180164.py[0m in [0;36m<module>[1;34m[0m
[0;32m      6[0m [0mX_valid[0m [1;33m=[0m [0mnp[0m[1;33m.[0m[0mvstack[0m[1;33m([0m[0mdf_valid[0m[1;33m[[0m[1;34m'Fingerprint'[0m[1;33m][0m[1;33m.[0m[0mtolist[0m[1;33m([0m[1;33m)[0m[1;33m)[0m [1;31m# Fingerprints to Matrix[0m[1;33m[0m[1;33m[0m[0m
[0;32m      7[0m [0mTs_valid[0m [1;33m=[0m [0mdf_valid[0m[1;33m[[0m[1;34m'T_scaled'[0m[1;33m][0m[1;33m.[0m[0mto_numpy[0m[1;33m([0m[1;33m)[0m[1;33m.[0m[0mreshape[0m[1;33m([0m[1;33m-[0m[1;36m1[0m[1;33m,[0m[1;36m1[0m[1;33m)[0m[1;33m[0m[1;33m[0m[0m
[1;32m----> 8[1;33m [0mX_valid[0m [1;33m=[0m [0mnp[0m[1;33m.[0m[0mhstack[0m[1;33m([0m[1;33m([0m[0mX_valid[0m[1;33m,[0m [0mTs_valid[0m[1;33m)[0m[1;33m)[0m [1;31m# Concatenate the temperature as part of the input matrix[0m[1;33m[0m[1;33m[0m[0m
[0m[0;32m      9[0m [0my_valid[0m [1;33m=[0m [0mdf_valid[0m[1;33m[[0m[1;34m'ln_P'[0m[1;33m][0m[1;33m.[0m[0mto_numpy[0m[1;33m([0m[1;33m)[0m[1;33m.[0m[0mreshape[0m[1;33m([0m[1;33m-[0m[1;36m1[0m[1;33m,[0m[1;36m1[0m[1;33m)[0m[1;33m[0m[1;33m[0m[0m
[0;32m     10[0m [1;33m[0m[0m

[1;32m<__array_function__ internals>[0m in [0;36mhstack[1;34m(*args, **kwargs)[0m

[1;32m~\Anaconda3\envs\ML4ChemEng\lib\site-packages\numpy\core\shape_base.py[0m in [0;36mhstack[1;34m(tup)[0m
[0;32m    343[0m         [1;32mreturn[0m [0m_nx[0m[1;33m.[0m[0mconcatenate[0m[1;33m([0m[0marrs[0m[1;33m,[0m [1;36m0[0m[1;33m)[0m[1;33m[0m[1;33m[0m[0m
[0;32m    344[0m     [1;32melse[0m[1;33m:[0m[1;33m[0m[1;33m[0m[0m
[1;32m--> 345[1;33m         [1;32mreturn[0m [0m_nx[0m[1;33m.[0m[0mconcatenate[0m[1;33m([0m[0marrs[0m[1;33m,[0m [1;36m1[0m[1;33m)[0m[1;33m[0m[1;33m[0m[0m
[0m[0;32m    346[0m [1;33m[0m[0m
[0;32m    347[0m [1;33m[0m[0m

[1;32m<__array_function__ internals>[0m in [0;36mconcatenate[1;34m(*args, **kwargs)[0m

[1;31mMemoryError[0m: Unable to allocate 135. MiB for an array with shape (8610, 2049) and data type float64
MemoryError: Unable to allocate 135. MiB for an array with shape (8610, 2049) and data type float64

