Traceback (most recent call last):
  File "C:\Users\DELL\Anaconda3\envs\ML4ChemEng\lib\site-packages\jupyter_cache\executors\utils.py", line 64, in single_nb_execution
    **kwargs,
  File "C:\Users\DELL\Anaconda3\envs\ML4ChemEng\lib\site-packages\nbclient\client.py", line 1204, in execute
    return NotebookClient(nb=nb, resources=resources, km=km, **kwargs).execute()
  File "C:\Users\DELL\Anaconda3\envs\ML4ChemEng\lib\site-packages\nbclient\util.py", line 84, in wrapped
    return just_run(coro(*args, **kwargs))
  File "C:\Users\DELL\Anaconda3\envs\ML4ChemEng\lib\site-packages\nbclient\util.py", line 62, in just_run
    return loop.run_until_complete(coro)
  File "C:\Users\DELL\Anaconda3\envs\ML4ChemEng\lib\asyncio\base_events.py", line 587, in run_until_complete
    return future.result()
  File "C:\Users\DELL\Anaconda3\envs\ML4ChemEng\lib\site-packages\nbclient\client.py", line 664, in async_execute
    cell, index, execution_count=self.code_cells_executed + 1
  File "C:\Users\DELL\Anaconda3\envs\ML4ChemEng\lib\site-packages\nbclient\client.py", line 965, in async_execute_cell
    await self._check_raise_for_error(cell, cell_index, exec_reply)
  File "C:\Users\DELL\Anaconda3\envs\ML4ChemEng\lib\site-packages\nbclient\client.py", line 862, in _check_raise_for_error
    raise CellExecutionError.from_cell_and_msg(cell, exec_reply_content)
nbclient.exceptions.CellExecutionError: An error occurred while executing the following cell:
------------------
# Optimize the network parameters
optimized_params = adam(objective_grad, init_params, step_size=step_size, num_iters=num_epochs, callback=summary)
------------------

[1;31m---------------------------------------------------------------------------[0m
[1;31mTypeError[0m                                 Traceback (most recent call last)
[1;32m~\AppData\Local\Temp\ipykernel_7600\331314975.py[0m in [0;36m<module>[1;34m[0m
[0;32m      1[0m [1;31m# Optimize the network parameters[0m[1;33m[0m[1;33m[0m[1;33m[0m[0m
[1;32m----> 2[1;33m [0moptimized_params[0m [1;33m=[0m [0madam[0m[1;33m([0m[0mobjective_grad[0m[1;33m,[0m [0minit_params[0m[1;33m,[0m [0mstep_size[0m[1;33m=[0m[0mstep_size[0m[1;33m,[0m [0mnum_iters[0m[1;33m=[0m[0mnum_epochs[0m[1;33m,[0m [0mcallback[0m[1;33m=[0m[0msummary[0m[1;33m)[0m[1;33m[0m[1;33m[0m[0m
[0m
[1;32m~\Anaconda3\envs\ML4ChemEng\lib\site-packages\autograd\misc\optimizers.py[0m in [0;36m_optimize[1;34m(grad, x0, callback, *args, **kwargs)[0m
[0;32m     26[0m         [1;32melse[0m[1;33m:[0m[1;33m[0m[1;33m[0m[0m
[0;32m     27[0m             [0m_callback[0m [1;33m=[0m [1;32mNone[0m[1;33m[0m[1;33m[0m[0m
[1;32m---> 28[1;33m         [1;32mreturn[0m [0munflatten[0m[1;33m([0m[0moptimize[0m[1;33m([0m[0m_grad[0m[1;33m,[0m [0m_x0[0m[1;33m,[0m [0m_callback[0m[1;33m,[0m [1;33m*[0m[0margs[0m[1;33m,[0m [1;33m**[0m[0mkwargs[0m[1;33m)[0m[1;33m)[0m[1;33m[0m[1;33m[0m[0m
[0m[0;32m     29[0m [1;33m[0m[0m
[0;32m     30[0m     [1;32mreturn[0m [0m_optimize[0m[1;33m[0m[1;33m[0m[0m

[1;32m~\Anaconda3\envs\ML4ChemEng\lib\site-packages\autograd\misc\optimizers.py[0m in [0;36madam[1;34m(grad, x, callback, num_iters, step_size, b1, b2, eps)[0m
[0;32m     62[0m     [0mv[0m [1;33m=[0m [0mnp[0m[1;33m.[0m[0mzeros[0m[1;33m([0m[0mlen[0m[1;33m([0m[0mx[0m[1;33m)[0m[1;33m)[0m[1;33m[0m[1;33m[0m[0m
[0;32m     63[0m     [1;32mfor[0m [0mi[0m [1;32min[0m [0mrange[0m[1;33m([0m[0mnum_iters[0m[1;33m)[0m[1;33m:[0m[1;33m[0m[1;33m[0m[0m
[1;32m---> 64[1;33m         [0mg[0m [1;33m=[0m [0mgrad[0m[1;33m([0m[0mx[0m[1;33m,[0m [0mi[0m[1;33m)[0m[1;33m[0m[1;33m[0m[0m
[0m[0;32m     65[0m         [1;32mif[0m [0mcallback[0m[1;33m:[0m [0mcallback[0m[1;33m([0m[0mx[0m[1;33m,[0m [0mi[0m[1;33m,[0m [0mg[0m[1;33m)[0m[1;33m[0m[1;33m[0m[0m
[0;32m     66[0m         [0mm[0m [1;33m=[0m [1;33m([0m[1;36m1[0m [1;33m-[0m [0mb1[0m[1;33m)[0m [1;33m*[0m [0mg[0m      [1;33m+[0m [0mb1[0m [1;33m*[0m [0mm[0m  [1;31m# First  moment estimate.[0m[1;33m[0m[1;33m[0m[0m

[1;32m~\Anaconda3\envs\ML4ChemEng\lib\site-packages\autograd\misc\optimizers.py[0m in [0;36m<lambda>[1;34m(x, i)[0m
[0;32m     21[0m     [1;32mdef[0m [0m_optimize[0m[1;33m([0m[0mgrad[0m[1;33m,[0m [0mx0[0m[1;33m,[0m [0mcallback[0m[1;33m=[0m[1;32mNone[0m[1;33m,[0m [1;33m*[0m[0margs[0m[1;33m,[0m [1;33m**[0m[0mkwargs[0m[1;33m)[0m[1;33m:[0m[1;33m[0m[1;33m[0m[0m
[0;32m     22[0m         [0m_x0[0m[1;33m,[0m [0munflatten[0m [1;33m=[0m [0mflatten[0m[1;33m([0m[0mx0[0m[1;33m)[0m[1;33m[0m[1;33m[0m[0m
[1;32m---> 23[1;33m         [0m_grad[0m [1;33m=[0m [1;32mlambda[0m [0mx[0m[1;33m,[0m [0mi[0m[1;33m:[0m [0mflatten[0m[1;33m([0m[0mgrad[0m[1;33m([0m[0munflatten[0m[1;33m([0m[0mx[0m[1;33m)[0m[1;33m,[0m [0mi[0m[1;33m)[0m[1;33m)[0m[1;33m[[0m[1;36m0[0m[1;33m][0m[1;33m[0m[1;33m[0m[0m
[0m[0;32m     24[0m         [1;32mif[0m [0mcallback[0m[1;33m:[0m[1;33m[0m[1;33m[0m[0m
[0;32m     25[0m             [0m_callback[0m [1;33m=[0m [1;32mlambda[0m [0mx[0m[1;33m,[0m [0mi[0m[1;33m,[0m [0mg[0m[1;33m:[0m [0mcallback[0m[1;33m([0m[0munflatten[0m[1;33m([0m[0mx[0m[1;33m)[0m[1;33m,[0m [0mi[0m[1;33m,[0m [0munflatten[0m[1;33m([0m[0mg[0m[1;33m)[0m[1;33m)[0m[1;33m[0m[1;33m[0m[0m

[1;32m~\AppData\Local\Temp\ipykernel_7600\1722539809.py[0m in [0;36mobjective_grad[1;34m(params, iter)[0m
[0;32m      9[0m     [1;32mfor[0m [0mcomp_idx[0m [1;32min[0m [0mrange[0m[1;33m([0m[0mlen_c[0m[1;33m)[0m[1;33m:[0m[1;33m[0m[1;33m[0m[0m
[0;32m     10[0m         [1;31m# For loop is running for each concentration and all parameters[0m[1;33m[0m[1;33m[0m[1;33m[0m[0m
[1;32m---> 11[1;33m         [0mloss_grad[0m [1;33m+=[0m [0msens[0m[1;33m[[0m[1;33m:[0m[1;33m,[0m[0mcomp_idx[0m[1;33m:[0m[1;33m:[0m[1;36m3[0m[1;33m][0m[1;33m.[0m[0mT[0m [1;33m@[0m [1;33m([0m[0mc_pred[0m[1;33m[[0m[1;33m:[0m[1;33m,[0m[0mcomp_idx[0m[1;33m][0m [1;33m-[0m [0mc_exp[0m[1;33m[[0m[1;33m:[0m[1;33m,[0m[0mcomp_idx[0m[1;33m][0m[1;33m)[0m[1;33m[0m[1;33m[0m[0m
[0m[0;32m     12[0m     [1;32mreturn[0m [0mloss_grad[0m[1;33m[0m[1;33m[0m[0m

[1;31mTypeError[0m: unsupported operand type(s) for -: 'float' and 'str'
TypeError: unsupported operand type(s) for -: 'float' and 'str'

